app/build/intermediates/manifest_merge_blame_file/release/processReleaseMainManifest/manifest-merger-blame-release-report.txt
1<?xml version="1.0" encoding="utf-8"?>
2<!--
3    Copyright 2019 Google Inc. All Rights Reserved.
4
5
6
7     Licensed under the Apache License, Version 2.0 (the "License");
8
9     you may not use this file except in compliance with the License.
10
11     You may obtain a copy of the License at
12
13
14
15         http://www.apache.org/licenses/LICENSE-2.0
16
17
18
19     Unless required by applicable law or agreed to in writing, software
20
21     distributed under the License is distributed on an "AS IS" BASIS,
22
23     WITHOUT WARRANTIES OR CONDITIONS OF ANY KIND, either express or implied.
24
25     See the License for the specific language governing permissions and
26
27     limitations under the License.
28-->
29<!--
30 The "package" attribute is rewritten by the Gradle build with the value of applicationId.
31
32     It is still required here, as it is used to derive paths, for instance when referring
33
34     to an Activity by ".MyActivity" instead of the full name. If more Activities are added to the
35
36     application, the package attribute will need to reflect the correct path in order to use
37
38     the abbreviated format.
39-->
40<manifest xmlns:android="http://schemas.android.com/apk/res/android"
41    package="com.klig.oyun"
42    android:versionCode="10"
43    android:versionName="10" >
44
45    <uses-sdk
46        android:minSdkVersion="21"
47        android:targetSdkVersion="35" />
48
49    <uses-permission android:name="android.permission.POST_NOTIFICATIONS" />
49-->src\main\AndroidManifest.xml:46:5-76
49-->src\main\AndroidManifest.xml:46:22-74
50    <uses-permission android:name="com.google.android.gms.permission.AD_ID" />
50-->src\main\AndroidManifest.xml:48:5-78
50-->src\main\AndroidManifest.xml:48:22-76
51
52    <queries>
52-->[com.google.androidbrowserhelper:androidbrowserhelper:2.6.2] AndroidManifest.xml:22:5-30:15
53        <intent>
53-->[com.google.androidbrowserhelper:androidbrowserhelper:2.6.2] AndroidManifest.xml:23:9-29:18
54            <action android:name="android.intent.action.VIEW" />
54-->src\main\AndroidManifest.xml:141:17-68
54-->src\main\AndroidManifest.xml:141:25-66
55
56            <category android:name="android.intent.category.BROWSABLE" />
56-->src\main\AndroidManifest.xml:143:17-77
56-->src\main\AndroidManifest.xml:143:27-75
57
58            <data android:scheme="https" />
58-->src\main\AndroidManifest.xml:144:17-146:19
58-->src\main\AndroidManifest.xml:144:23-45
59        </intent>
60    </queries>
61
62    <permission
62-->[androidx.core:core:1.13.0] AndroidManifest.xml:22:5-24:47
63        android:name="com.klig.oyun.DYNAMIC_RECEIVER_NOT_EXPORTED_PERMISSION"
63-->[androidx.core:core:1.13.0] AndroidManifest.xml:23:9-81
64        android:protectionLevel="signature" />
64-->[androidx.core:core:1.13.0] AndroidManifest.xml:24:9-44
65
66    <uses-permission android:name="com.klig.oyun.DYNAMIC_RECEIVER_NOT_EXPORTED_PERMISSION" />
66-->[androidx.core:core:1.13.0] AndroidManifest.xml:26:5-97
66-->[androidx.core:core:1.13.0] AndroidManifest.xml:26:22-94
67
68    <application
68-->src\main\AndroidManifest.xml:50:5-182:19
69        android:name="com.klig.oyun.Application"
69-->src\main\AndroidManifest.xml:51:9-35
70        android:allowBackup="true"
70-->src\main\AndroidManifest.xml:52:9-35
71        android:appComponentFactory="androidx.core.app.CoreComponentFactory"
71-->[androidx.core:core:1.13.0] AndroidManifest.xml:28:18-86
72        android:extractNativeLibs="true"
73        android:icon="@mipmap/ic_launcher"
73-->src\main\AndroidManifest.xml:53:9-43
74        android:label="@string/appName"
74-->src\main\AndroidManifest.xml:54:9-40
75        android:manageSpaceActivity="com.google.androidbrowserhelper.trusted.ManageDataLauncherActivity"
75-->src\main\AndroidManifest.xml:55:9-105
76        android:supportsRtl="true"
76-->src\main\AndroidManifest.xml:56:9-35
77        android:theme="@android:style/Theme.Translucent.NoTitleBar" >
77-->src\main\AndroidManifest.xml:57:9-68
78        <meta-data
78-->src\main\AndroidManifest.xml:59:9-61:58
79            android:name="asset_statements"
79-->src\main\AndroidManifest.xml:60:13-44
80            android:resource="@string/assetStatements" />
80-->src\main\AndroidManifest.xml:61:13-55
81        <meta-data
81-->src\main\AndroidManifest.xml:63:9-65:54
82            android:name="web_manifest_url"
82-->src\main\AndroidManifest.xml:64:13-44
83            android:value="@string/webManifestUrl" />
83-->src\main\AndroidManifest.xml:65:13-51
84        <meta-data
84-->src\main\AndroidManifest.xml:67:9-69:52
85            android:name="twa_generator"
85-->src\main\AndroidManifest.xml:68:13-41
86            android:value="@string/generatorApp" />
86-->src\main\AndroidManifest.xml:69:13-49
87
88        <activity
88-->src\main\AndroidManifest.xml:71:9-82:20
89            android:name="com.google.androidbrowserhelper.trusted.ManageDataLauncherActivity"
89-->src\main\AndroidManifest.xml:71:19-100
90            android:enabled="true"
90-->src\main\AndroidManifest.xml:73:13-35
91            android:excludeFromRecents="true"
91-->src\main\AndroidManifest.xml:74:13-46
92            android:exported="false" >
92-->src\main\AndroidManifest.xml:72:13-37
93            <meta-data
93-->src\main\AndroidManifest.xml:75:13-77:53
94                android:name="android.support.customtabs.trusted.MANAGE_SPACE_URL"
94-->src\main\AndroidManifest.xml:76:17-83
95                android:value="@string/launchUrl" />
95-->src\main\AndroidManifest.xml:77:17-50
96
97            <intent-filter>
97-->src\main\AndroidManifest.xml:78:13-81:29
98                <action android:name="android.intent.action.APPLICATION_PREFERENCES" />
98-->src\main\AndroidManifest.xml:79:17-88
98-->src\main\AndroidManifest.xml:79:25-85
99
100                <category android:name="android.intent.category.DEFAULT" />
100-->src\main\AndroidManifest.xml:80:17-76
100-->src\main\AndroidManifest.xml:80:27-73
101            </intent-filter>
102        </activity>
103        <activity
103-->src\main\AndroidManifest.xml:84:9-148:20
104            android:name="com.klig.oyun.LauncherActivity"
104-->src\main\AndroidManifest.xml:84:19-50
105            android:alwaysRetainTaskState="true"
105-->src\main\AndroidManifest.xml:85:13-49
106            android:exported="true"
106-->src\main\AndroidManifest.xml:87:13-36
107            android:label="@string/launcherName" >
107-->src\main\AndroidManifest.xml:86:13-49
108            <meta-data
108-->src\main\AndroidManifest.xml:88:13-89:53
109                android:name="android.support.customtabs.trusted.DEFAULT_URL"
109-->src\main\AndroidManifest.xml:88:24-85
110                android:value="@string/launchUrl" />
110-->src\main\AndroidManifest.xml:89:17-50
111            <meta-data
111-->src\main\AndroidManifest.xml:91:13-93:58
112                android:name="android.support.customtabs.trusted.STATUS_BAR_COLOR"
112-->src\main\AndroidManifest.xml:92:17-83
113                android:resource="@color/colorPrimary" />
113-->src\main\AndroidManifest.xml:93:17-55
114            <meta-data
114-->src\main\AndroidManifest.xml:95:13-97:62
115                android:name="android.support.customtabs.trusted.STATUS_BAR_COLOR_DARK"
115-->src\main\AndroidManifest.xml:96:17-88
116                android:resource="@color/colorPrimaryDark" />
116-->src\main\AndroidManifest.xml:97:17-59
117            <meta-data
117-->src\main\AndroidManifest.xml:99:13-101:61
118                android:name="android.support.customtabs.trusted.NAVIGATION_BAR_COLOR"
118-->src\main\AndroidManifest.xml:100:17-87
119                android:resource="@color/navigationColor" />
119-->src\main\AndroidManifest.xml:101:17-58
120            <meta-data
120-->src\main\AndroidManifest.xml:103:13-105:65
121                android:name="android.support.customtabs.trusted.NAVIGATION_BAR_COLOR_DARK"
121-->src\main\AndroidManifest.xml:104:17-92
122                android:resource="@color/navigationColorDark" />
122-->src\main\AndroidManifest.xml:105:17-62
123            <meta-data
123-->src\main\AndroidManifest.xml:107:13-109:68
124                android:name="androix.browser.trusted.NAVIGATION_BAR_DIVIDER_COLOR"
124-->src\main\AndroidManifest.xml:108:17-84
125                android:resource="@color/navigationDividerColor" />
125-->src\main\AndroidManifest.xml:109:17-65
126            <meta-data
126-->src\main\AndroidManifest.xml:111:13-113:72
127                android:name="androix.browser.trusted.NAVIGATION_BAR_DIVIDER_COLOR_DARK"
127-->src\main\AndroidManifest.xml:112:17-89
128                android:resource="@color/navigationDividerColorDark" />
128-->src\main\AndroidManifest.xml:113:17-69
129            <meta-data
129-->src\main\AndroidManifest.xml:115:13-116:54
130                android:name="android.support.customtabs.trusted.SPLASH_IMAGE_DRAWABLE"
130-->src\main\AndroidManifest.xml:115:24-95
131                android:resource="@drawable/splash" />
131-->src\main\AndroidManifest.xml:116:17-52
132            <meta-data
132-->src\main\AndroidManifest.xml:118:13-119:60
133                android:name="android.support.customtabs.trusted.SPLASH_SCREEN_BACKGROUND_COLOR"
133-->src\main\AndroidManifest.xml:118:24-104
134                android:resource="@color/backgroundColor" />
134-->src\main\AndroidManifest.xml:119:17-58
135            <meta-data
135-->src\main\AndroidManifest.xml:121:13-122:71
136                android:name="android.support.customtabs.trusted.SPLASH_SCREEN_FADE_OUT_DURATION"
136-->src\main\AndroidManifest.xml:121:24-105
137                android:value="@integer/splashScreenFadeOutDuration" />
137-->src\main\AndroidManifest.xml:122:17-69
138            <meta-data
138-->src\main\AndroidManifest.xml:124:13-125:60
139                android:name="android.support.customtabs.trusted.FILE_PROVIDER_AUTHORITY"
139-->src\main\AndroidManifest.xml:124:24-97
140                android:value="@string/providerAuthority" />
140-->src\main\AndroidManifest.xml:125:17-58
141            <meta-data
141-->src\main\AndroidManifest.xml:127:13-97
142                android:name="android.app.shortcuts"
142-->src\main\AndroidManifest.xml:127:24-60
143                android:resource="@xml/shortcuts" />
143-->src\main\AndroidManifest.xml:127:61-94
144            <meta-data
144-->src\main\AndroidManifest.xml:129:13-130:56
145                android:name="android.support.customtabs.trusted.FALLBACK_STRATEGY"
145-->src\main\AndroidManifest.xml:129:24-91
146                android:value="@string/fallbackType" />
146-->src\main\AndroidManifest.xml:130:17-53
147            <meta-data
147-->src\main\AndroidManifest.xml:132:13-133:54
148                android:name="android.support.customtabs.trusted.SCREEN_ORIENTATION"
148-->src\main\AndroidManifest.xml:132:24-92
149                android:value="@string/orientation" />
149-->src\main\AndroidManifest.xml:133:17-52
150
151            <intent-filter>
151-->src\main\AndroidManifest.xml:135:13-138:29
152                <action android:name="android.intent.action.MAIN" />
152-->src\main\AndroidManifest.xml:136:17-69
152-->src\main\AndroidManifest.xml:136:25-66
153
154                <category android:name="android.intent.category.LAUNCHER" />
154-->src\main\AndroidManifest.xml:137:17-77
154-->src\main\AndroidManifest.xml:137:27-74
155            </intent-filter>
156            <intent-filter android:autoVerify="true" >
156-->src\main\AndroidManifest.xml:140:13-147:29
156-->src\main\AndroidManifest.xml:140:28-53
157                <action android:name="android.intent.action.VIEW" />
157-->src\main\AndroidManifest.xml:141:17-68
157-->src\main\AndroidManifest.xml:141:25-66
158
159                <category android:name="android.intent.category.DEFAULT" />
159-->src\main\AndroidManifest.xml:80:17-76
159-->src\main\AndroidManifest.xml:80:27-73
160                <category android:name="android.intent.category.BROWSABLE" />
160-->src\main\AndroidManifest.xml:143:17-77
160-->src\main\AndroidManifest.xml:143:27-75
161
162                <data
162-->src\main\AndroidManifest.xml:144:17-146:19
163                    android:host="@string/hostName"
163-->src\main\AndroidManifest.xml:145:21-52
164                    android:scheme="https" />
164-->src\main\AndroidManifest.xml:144:23-45
165            </intent-filter>
166        </activity>
167        <activity android:name="com.google.androidbrowserhelper.trusted.FocusActivity" />
167-->src\main\AndroidManifest.xml:150:9-90
167-->src\main\AndroidManifest.xml:150:19-87
168        <activity
168-->src\main\AndroidManifest.xml:152:9-153:62
169            android:name="com.google.androidbrowserhelper.trusted.WebViewFallbackActivity"
169-->src\main\AndroidManifest.xml:152:19-97
170            android:configChanges="orientation|screenSize" />
170-->src\main\AndroidManifest.xml:153:13-59
171
172        <provider
172-->src\main\AndroidManifest.xml:155:9-163:20
173            android:name="androidx.core.content.FileProvider"
173-->src\main\AndroidManifest.xml:156:13-62
174            android:authorities="@string/providerAuthority"
174-->src\main\AndroidManifest.xml:157:13-60
175            android:exported="false"
175-->src\main\AndroidManifest.xml:159:13-37
176            android:grantUriPermissions="true" >
176-->src\main\AndroidManifest.xml:158:13-47
177            <meta-data
177-->src\main\AndroidManifest.xml:160:13-162:53
178                android:name="android.support.FILE_PROVIDER_PATHS"
178-->src\main\AndroidManifest.xml:161:17-67
179                android:resource="@xml/filepaths" />
179-->src\main\AndroidManifest.xml:162:17-50
180        </provider>
181
182        <service
182-->src\main\AndroidManifest.xml:165:9-178:19
183            android:name="com.klig.oyun.DelegationService"
183-->src\main\AndroidManifest.xml:166:13-46
184            android:enabled="@bool/enableNotification"
184-->src\main\AndroidManifest.xml:167:13-55
185            android:exported="@bool/enableNotification" >
185-->src\main\AndroidManifest.xml:168:13-56
186            <meta-data
186-->src\main\AndroidManifest.xml:170:13-172:69
187                android:name="android.support.customtabs.trusted.SMALL_ICON"
187-->src\main\AndroidManifest.xml:171:17-77
188                android:resource="@drawable/ic_notification_icon" />
188-->src\main\AndroidManifest.xml:172:17-66
189
190            <intent-filter>
190-->src\main\AndroidManifest.xml:174:13-177:29
191                <action android:name="android.support.customtabs.trusted.TRUSTED_WEB_ACTIVITY_SERVICE" />
191-->src\main\AndroidManifest.xml:175:17-105
191-->src\main\AndroidManifest.xml:175:25-103
192
193                <category android:name="android.intent.category.DEFAULT" />
193-->src\main\AndroidManifest.xml:80:17-76
193-->src\main\AndroidManifest.xml:80:27-73
194            </intent-filter>
195        </service>
196
197        <activity android:name="com.google.androidbrowserhelper.trusted.NotificationPermissionRequestActivity" />
197-->src\main\AndroidManifest.xml:180:9-114
197-->src\main\AndroidManifest.xml:180:19-111
198
199        <provider
199-->[androidx.emoji2:emoji2:1.3.0] AndroidManifest.xml:24:9-32:20
200            android:name="androidx.startup.InitializationProvider"
200-->[androidx.emoji2:emoji2:1.3.0] AndroidManifest.xml:25:13-67
201            android:authorities="com.klig.oyun.androidx-startup"
201-->[androidx.emoji2:emoji2:1.3.0] AndroidManifest.xml:26:13-68
202            android:exported="false" >
202-->[androidx.emoji2:emoji2:1.3.0] AndroidManifest.xml:27:13-37
203            <meta-data
203-->[androidx.emoji2:emoji2:1.3.0] AndroidManifest.xml:29:13-31:52
204                android:name="androidx.emoji2.text.EmojiCompatInitializer"
204-->[androidx.emoji2:emoji2:1.3.0] AndroidManifest.xml:30:17-75
205                android:value="androidx.startup" />
205-->[androidx.emoji2:emoji2:1.3.0] AndroidManifest.xml:31:17-49
206            <meta-data
206-->[androidx.lifecycle:lifecycle-process:2.6.2] AndroidManifest.xml:29:13-31:52
207                android:name="androidx.lifecycle.ProcessLifecycleInitializer"
207-->[androidx.lifecycle:lifecycle-process:2.6.2] AndroidManifest.xml:30:17-78
208                android:value="androidx.startup" />
208-->[androidx.lifecycle:lifecycle-process:2.6.2] AndroidManifest.xml:31:17-49
209            <meta-data
209-->[androidx.profileinstaller:profileinstaller:1.3.1] AndroidManifest.xml:29:13-31:52
210                android:name="androidx.profileinstaller.ProfileInstallerInitializer"
210-->[androidx.profileinstaller:profileinstaller:1.3.1] AndroidManifest.xml:30:17-85
211                android:value="androidx.startup" />
211-->[androidx.profileinstaller:profileinstaller:1.3.1] AndroidManifest.xml:31:17-49
212        </provider>
213
214        <receiver
214-->[androidx.profileinstaller:profileinstaller:1.3.1] AndroidManifest.xml:34:9-52:20
215            android:name="androidx.profileinstaller.ProfileInstallReceiver"
215-->[androidx.profileinstaller:profileinstaller:1.3.1] AndroidManifest.xml:35:13-76
216            android:directBootAware="false"
216-->[androidx.profileinstaller:profileinstaller:1.3.1] AndroidManifest.xml:36:13-44
217            android:enabled="true"
217-->[androidx.profileinstaller:profileinstaller:1.3.1] AndroidManifest.xml:37:13-35
218            android:exported="true"
218-->[androidx.profileinstaller:profileinstaller:1.3.1] AndroidManifest.xml:38:13-36
219            android:permission="android.permission.DUMP" >
219-->[androidx.profileinstaller:profileinstaller:1.3.1] AndroidManifest.xml:39:13-57
220            <intent-filter>
220-->[androidx.profileinstaller:profileinstaller:1.3.1] AndroidManifest.xml:40:13-42:29
221                <action android:name="androidx.profileinstaller.action.INSTALL_PROFILE" />
221-->[androidx.profileinstaller:profileinstaller:1.3.1] AndroidManifest.xml:41:17-91
221-->[androidx.profileinstaller:profileinstaller:1.3.1] AndroidManifest.xml:41:25-88
222            </intent-filter>
223            <intent-filter>
223-->[androidx.profileinstaller:profileinstaller:1.3.1] AndroidManifest.xml:43:13-45:29
224                <action android:name="androidx.profileinstaller.action.SKIP_FILE" />
224-->[androidx.profileinstaller:profileinstaller:1.3.1] AndroidManifest.xml:44:17-85
224-->[androidx.profileinstaller:profileinstaller:1.3.1] AndroidManifest.xml:44:25-82
225            </intent-filter>
226            <intent-filter>
226-->[androidx.profileinstaller:profileinstaller:1.3.1] AndroidManifest.xml:46:13-48:29
227                <action android:name="androidx.profileinstaller.action.SAVE_PROFILE" />
227-->[androidx.profileinstaller:profileinstaller:1.3.1] AndroidManifest.xml:47:17-88
227-->[androidx.profileinstaller:profileinstaller:1.3.1] AndroidManifest.xml:47:25-85
228            </intent-filter>
229            <intent-filter>
229-->[androidx.profileinstaller:profileinstaller:1.3.1] AndroidManifest.xml:49:13-51:29
230                <action android:name="androidx.profileinstaller.action.BENCHMARK_OPERATION" />
230-->[androidx.profileinstaller:profileinstaller:1.3.1] AndroidManifest.xml:50:17-95
230-->[androidx.profileinstaller:profileinstaller:1.3.1] AndroidManifest.xml:50:25-92
231            </intent-filter>
232        </receiver>
233    </application>
234
235</manifest>